<?xml version="1.0" encoding="UTF-8"?>
<robot generator="Robot 3.2.2 (Python 3.9.1 on win32)" generated="20210226 22:06:08.172" rpa="false">
<suite id="s1" name="Testscript" source="C:\Users\PLUK\Desktop\Work_SoftwareEngineer\Assignment-1\robotframework\testscript.robot">
<test id="s1-t1" name="Testcase -1- Open Google">
<kw name="Open Page">
<kw name="Open Browser" library="Selenium2Library">
<doc>Opens a new browser instance to the optional ``url``.</doc>
<arguments>
<arg>${url}</arg>
<arg>${browser}</arg>
</arguments>
<msg timestamp="20210226 22:06:08.336" level="INFO">Opening browser 'gc' to base url 'https://www.google.co.th/'.</msg>
<status status="PASS" starttime="20210226 22:06:08.335" endtime="20210226 22:06:10.928"></status>
</kw>
<status status="PASS" starttime="20210226 22:06:08.335" endtime="20210226 22:06:10.928"></status>
</kw>
<kw name="Delay">
<kw name="Set Selenium Speed" library="Selenium2Library">
<doc>Sets the delay that is waited after each Selenium command.</doc>
<arguments>
<arg>${delay}</arg>
</arguments>
<status status="PASS" starttime="20210226 22:06:10.929" endtime="20210226 22:06:10.929"></status>
</kw>
<status status="PASS" starttime="20210226 22:06:10.928" endtime="20210226 22:06:10.929"></status>
</kw>
<kw name="Location should be success">
<kw name="Location Should Be" library="Selenium2Library">
<doc>Verifies that the current URL is exactly ``url``.</doc>
<arguments>
<arg>${url}</arg>
</arguments>
<msg timestamp="20210226 22:06:11.143" level="INFO">Current location is 'https://www.google.co.th/'.</msg>
<status status="PASS" starttime="20210226 22:06:10.929" endtime="20210226 22:06:11.143"></status>
</kw>
<kw name="Title Should Be" library="Selenium2Library">
<doc>Verifies that the current page title equals ``title``.</doc>
<arguments>
<arg>Google</arg>
</arguments>
<msg timestamp="20210226 22:06:11.360" level="INFO">Page title is 'Google'.</msg>
<status status="PASS" starttime="20210226 22:06:11.143" endtime="20210226 22:06:11.360"></status>
</kw>
<status status="PASS" starttime="20210226 22:06:10.929" endtime="20210226 22:06:11.360"></status>
</kw>
<kw name="Close Browser" library="Selenium2Library" type="teardown">
<doc>Closes the current browser.</doc>
<status status="PASS" starttime="20210226 22:06:11.361" endtime="20210226 22:06:13.608"></status>
</kw>
<status status="PASS" starttime="20210226 22:06:08.335" endtime="20210226 22:06:13.609" critical="yes"></status>
</test>
<status status="PASS" starttime="20210226 22:06:08.173" endtime="20210226 22:06:13.613"></status>
</suite>
<statistics>
<total>
<stat pass="1" fail="0">Critical Tests</stat>
<stat pass="1" fail="0">All Tests</stat>
</total>
<tag>
</tag>
<suite>
<stat pass="1" fail="0" id="s1" name="Testscript">Testscript</stat>
</suite>
</statistics>
<errors>
</errors>
</robot>
