<?xml version="1.0" encoding="UTF-8"?>
<robot generator="Robot 3.2.2 (Python 3.9.1 on win32)" generated="20210226 03:02:02.752" rpa="false">
<suite id="s1" name="Testscript" source="C:\Users\PLUK\Desktop\Work_SoftwareEngineer\Assignment-1\robotframework\testscript.robot">
<test id="s1-t1" name="Testcase -1- Open Google">
<kw name="Open Page">
<kw name="Open Browser" library="Selenium2Library">
<doc>Opens a new browser instance to the optional ``url``.</doc>
<arguments>
<arg>${url}</arg>
<arg>${browser}</arg>
</arguments>
<msg timestamp="20210226 03:02:02.919" level="INFO">Opening browser 'gc' to base url 'https://www.google.co.th/'.</msg>
<status status="PASS" starttime="20210226 03:02:02.918" endtime="20210226 03:02:05.374"></status>
</kw>
<status status="PASS" starttime="20210226 03:02:02.918" endtime="20210226 03:02:05.374"></status>
</kw>
<kw name="Delay">
<kw name="Set Selenium Speed" library="Selenium2Library">
<doc>Sets the delay that is waited after each Selenium command.</doc>
<arguments>
<arg>${delay}</arg>
</arguments>
<status status="PASS" starttime="20210226 03:02:05.374" endtime="20210226 03:02:05.375"></status>
</kw>
<status status="PASS" starttime="20210226 03:02:05.374" endtime="20210226 03:02:05.375"></status>
</kw>
<kw name="Location should be success">
<kw name="Location Should Be" library="Selenium2Library">
<doc>Verifies that the current URL is exactly ``url``.</doc>
<arguments>
<arg>${url}</arg>
</arguments>
<msg timestamp="20210226 03:02:05.584" level="INFO">Current location is 'https://www.google.co.th/'.</msg>
<status status="PASS" starttime="20210226 03:02:05.375" endtime="20210226 03:02:05.584"></status>
</kw>
<kw name="Title Should Be" library="Selenium2Library">
<doc>Verifies that the current page title equals ``title``.</doc>
<arguments>
<arg>Google</arg>
</arguments>
<msg timestamp="20210226 03:02:05.806" level="INFO">Page title is 'Google'.</msg>
<status status="PASS" starttime="20210226 03:02:05.584" endtime="20210226 03:02:05.806"></status>
</kw>
<status status="PASS" starttime="20210226 03:02:05.375" endtime="20210226 03:02:05.806"></status>
</kw>
<kw name="Close Browser" library="Selenium2Library" type="teardown">
<doc>Closes the current browser.</doc>
<status status="PASS" starttime="20210226 03:02:05.806" endtime="20210226 03:02:08.079"></status>
</kw>
<status status="PASS" starttime="20210226 03:02:02.917" endtime="20210226 03:02:08.079" critical="yes"></status>
</test>
<status status="PASS" starttime="20210226 03:02:02.753" endtime="20210226 03:02:08.080"></status>
</suite>
<statistics>
<total>
<stat pass="1" fail="0">Critical Tests</stat>
<stat pass="1" fail="0">All Tests</stat>
</total>
<tag>
</tag>
<suite>
<stat pass="1" fail="0" id="s1" name="Testscript">Testscript</stat>
</suite>
</statistics>
<errors>
</errors>
</robot>
